<?xml version="1.0" encoding="UTF-8"?>
<!-- Generated by org.testng.reporters.JUnitXMLReporter -->
<testsuite ignored="0" hostname="LAPTOP-GAHA49DP" failures="0" tests="10" name="QoverInterviewDevi" time="132.417" errors="0" timestamp="12 Feb 2023 17:51:19 GMT">
  <testcase classname="Qover.org.Tests.QuotePageTests" name="testingUrl" time="0.003"/>
  <testcase classname="Qover.org.Tests.QuotePageTests" name="validateQovertitle" time="0.204"/>
  <testcase classname="Qover.org.Tests.QuotePageTests" name="cityBikeMinValueTest" time="13.07"/>
  <testcase classname="Qover.org.Tests.QuotePageTests" name="electricCityTest" time="11.623"/>
  <testcase classname="Qover.org.Tests.QuotePageTests" name="racingBikeTest" time="11.295"/>
  <testcase classname="Qover.org.Tests.QuotePageTests" name="electricRacingBikeMaxValueTest" time="12.037"/>
  <testcase classname="Qover.org.Tests.QuotePageTests" name="mountainBikeTest" time="11.254"/>
  <testcase classname="Qover.org.Tests.QuotePageTests" name="electricMountainBikeTest" time="11.783"/>
  <testcase classname="Qover.org.Tests.QuotePageTests" name="cargoBikeInvalidLowerPriceTest" time="1.162"/>
  <testcase classname="Qover.org.Tests.QuotePageTests" name="electricCargoBikeInvalidHigherPriceTest" time="1.027"/>
</testsuite> <!-- QoverInterviewDevi -->
