<?xml version="1.0" encoding="UTF-8"?>
<!-- Generated by org.testng.reporters.JUnitXMLReporter -->
<testsuite ignored="0" hostname="LAPTOP-GAHA49DP" failures="0" tests="10" name="QoverInterviewDevi" time="128.881" errors="0" timestamp="12 Feb 2023 17:36:56 GMT">
  <testcase classname="Qover.org.Tests.QuotePageTests" name="testingUrl" time="0.002"/>
  <testcase classname="Qover.org.Tests.QuotePageTests" name="validateQovertitle" time="0.168"/>
  <testcase classname="Qover.org.Tests.QuotePageTests" name="cityBikeMinValueTest" time="12.438"/>
  <testcase classname="Qover.org.Tests.QuotePageTests" name="electricCityTest" time="11.486"/>
  <testcase classname="Qover.org.Tests.QuotePageTests" name="racingBikeTest" time="11.233"/>
  <testcase classname="Qover.org.Tests.QuotePageTests" name="electricRacingBikeMaxValueTest" time="11.492"/>
  <testcase classname="Qover.org.Tests.QuotePageTests" name="mountainBikeTest" time="11.258"/>
  <testcase classname="Qover.org.Tests.QuotePageTests" name="electricMountainBikeTest" time="11.247"/>
  <testcase classname="Qover.org.Tests.QuotePageTests" name="cargoBikeInvalidLowerPriceTest" time="1.145"/>
  <testcase classname="Qover.org.Tests.QuotePageTests" name="electricCargoBikeInvalidHigherPriceTest" time="1.207"/>
</testsuite> <!-- QoverInterviewDevi -->
